SF:lib\easy_text.dart
DA:4,1
DA:21,1
DA:39,1
DA:42,1
DA:43,4
DA:45,1
DA:46,2
DA:48,1
DA:49,1
DA:51,1
DA:52,1
DA:53,1
DA:54,1
DA:55,1
DA:56,1
DA:57,1
DA:58,1
DA:59,1
DA:60,1
DA:61,1
DA:62,1
DA:66,1
DA:83,1
DA:86,2
DA:103,1
DA:120,1
DA:123,2
DA:140,1
DA:157,1
DA:160,2
DA:177,1
DA:194,1
DA:197,2
DA:214,1
DA:231,1
DA:234,2
DA:251,1
DA:268,1
DA:271,2
DA:288,1
DA:305,1
DA:308,2
DA:325,1
DA:342,1
DA:345,2
DA:362,1
DA:379,1
DA:382,2
DA:399,1
DA:416,1
DA:419,2
DA:436,1
DA:453,1
DA:456,2
DA:473,1
DA:490,1
DA:493,2
DA:510,1
DA:527,1
DA:530,2
DA:547,1
DA:564,1
DA:567,2
DA:584,1
DA:601,1
DA:604,2
LF:66
LH:66
end_of_record
